#
# There is insufficient memory for the Java Runtime Environment to continue.
# Native memory allocation (malloc) failed to allocate 32744 bytes for ChunkPool::allocate
# Possible reasons:
#   The system is out of physical RAM or swap space
#   The process is running with CompressedOops enabled, and the Java Heap may be blocking the growth of the native heap
# Possible solutions:
#   Reduce memory load on the system
#   Increase physical memory or swap space
#   Check if swap backing store is full
#   Decrease Java heap size (-Xmx/-Xms)
#   Decrease number of Java threads
#   Decrease Java thread stack sizes (-Xss)
#   Set larger code cache with -XX:ReservedCodeCacheSize=
#   JVM is running with Unscaled Compressed Oops mode in which the Java heap is
#     placed in the first 4GB address space. The Java Heap base address is the
#     maximum limit for the native heap growth. Please use -XX:HeapBaseMinAddress
#     to set the Java Heap base and to place the Java Heap above 4GB virtual address.
# This output file may be truncated or incomplete.
#
#  Out of Memory Error (src/hotspot/share/memory/arena.cpp:81), pid=7844, tid=15796
#
# JRE version: OpenJDK Runtime Environment JBR-11.0.14.1.1-2043.25-jcef (11.0.14.1+1) (build 11.0.14.1+1-b2043.25)
# Java VM: OpenJDK 64-Bit Server VM JBR-11.0.14.1.1-2043.25-jcef (11.0.14.1+1-b2043.25, mixed mode, tiered, compressed oops, g1 gc, windows-amd64)
# No core dump will be written. Minidumps are not enabled by default on client versions of Windows
#

---------------  S U M M A R Y ------------

Command Line: -Djava.rmi.server.hostname=127.0.0.1 -Duser.timezone=UTC -Xmx750m -Xms128m -Dfile.encoding=UTF-8 com.intellij.database.remote.RemoteJdbcServer com.mysql.cj.jdbc.Driver

Host: Intel(R) Core(TM) i7-10875H CPU @ 2.30GHz, 16 cores, 15G,  Windows 10 , 64 bit Build 19041 (10.0.19041.3636)
Time: Tue Dec 19 18:40:00 2023 中国标准时间 elapsed time: 0.284950 seconds (0d 0h 0m 0s)

---------------  T H R E A D  ---------------

Current thread (0x00000207f0d89000):  JavaThread "C1 CompilerThread0" daemon [_thread_in_native, id=15796, stack(0x000000e148500000,0x000000e148600000)]


Current CompileTask:
C1:    285  291       3       jdk.internal.org.objectweb.asm.Frame::execute (2264 bytes)

Stack: [0x000000e148500000,0x000000e148600000]
Native frames: (J=compiled Java code, j=interpreted, Vv=VM code, C=native code)
V  [jvm.dll+0x61618a]
V  [jvm.dll+0x79c450]
V  [jvm.dll+0x79da6d]
V  [jvm.dll+0x79e143]
V  [jvm.dll+0x24c968]
V  [jvm.dll+0xc165b]
V  [jvm.dll+0xc190c]
V  [jvm.dll+0x16edcd]
V  [jvm.dll+0x171614]
V  [jvm.dll+0x12b1fc]
V  [jvm.dll+0x12ad09]
V  [jvm.dll+0x12ae73]
V  [jvm.dll+0x12a184]
V  [jvm.dll+0x12bd57]
V  [jvm.dll+0x212c6f]
V  [jvm.dll+0x211511]
V  [jvm.dll+0x762b9f]
V  [jvm.dll+0x75b755]
V  [jvm.dll+0x614df6]
C  [ucrtbase.dll+0x21bb2]
C  [KERNEL32.DLL+0x17344]
C  [ntdll.dll+0x526b1]


---------------  P R O C E S S  ---------------

Threads class SMR info:
_java_thread_list=0x00000207f1c954e0, length=13, elements={
0x00000207d8ce1000, 0x00000207f0d54000, 0x00000207f0d55000, 0x00000207f0d70800,
0x00000207f0d72000, 0x00000207f0d73000, 0x00000207f0d81800, 0x00000207f0d89000,
0x00000207f0d8b000, 0x00000207f1aec000, 0x00000207f1bf1000, 0x00000207f1bfb000,
0x00000207f1c96000
}

Java Threads: ( => current thread )
  0x00000207d8ce1000 JavaThread "main" [_thread_blocked, id=4172, stack(0x000000e147800000,0x000000e147900000)]
  0x00000207f0d54000 JavaThread "Reference Handler" daemon [_thread_blocked, id=23892, stack(0x000000e147f00000,0x000000e148000000)]
  0x00000207f0d55000 JavaThread "Finalizer" daemon [_thread_blocked, id=29772, stack(0x000000e148000000,0x000000e148100000)]
  0x00000207f0d70800 JavaThread "Signal Dispatcher" daemon [_thread_blocked, id=22064, stack(0x000000e148100000,0x000000e148200000)]
  0x00000207f0d72000 JavaThread "Attach Listener" daemon [_thread_blocked, id=12348, stack(0x000000e148200000,0x000000e148300000)]
  0x00000207f0d73000 JavaThread "Service Thread" daemon [_thread_blocked, id=13980, stack(0x000000e148300000,0x000000e148400000)]
  0x00000207f0d81800 JavaThread "C2 CompilerThread0" daemon [_thread_blocked, id=27416, stack(0x000000e148400000,0x000000e148500000)]
=>0x00000207f0d89000 JavaThread "C1 CompilerThread0" daemon [_thread_in_native, id=15796, stack(0x000000e148500000,0x000000e148600000)]
  0x00000207f0d8b000 JavaThread "Sweeper thread" daemon [_thread_blocked, id=24384, stack(0x000000e148600000,0x000000e148700000)]
  0x00000207f1aec000 JavaThread "C1 CompilerThread1" daemon [_thread_blocked, id=11972, stack(0x000000e148700000,0x000000e148800000)]
  0x00000207f1bf1000 JavaThread "Common-Cleaner" daemon [_thread_blocked, id=29128, stack(0x000000e148900000,0x000000e148a00000)]
  0x00000207f1bfb000 JavaThread "C2 CompilerThread1" daemon [_thread_blocked, id=9688, stack(0x000000e148a00000,0x000000e148b00000)]
  0x00000207f1c96000 JavaThread "mysql-cj-abandoned-connection-cleanup" daemon [_thread_in_native, id=6752, stack(0x000000e148b00000,0x000000e148c00000)]

Other Threads:
  0x00000207f0d30800 VMThread "VM Thread" [stack: 0x000000e147e00000,0x000000e147f00000] [id=10892]
  0x00000207f1be9800 WatcherThread [stack: 0x000000e148800000,0x000000e148900000] [id=20968]
  0x00000207d8cf9800 GCTaskThread "GC Thread#0" [stack: 0x000000e147900000,0x000000e147a00000] [id=31580]
  0x00000207d8d12000 ConcurrentGCThread "G1 Main Marker" [stack: 0x000000e147a00000,0x000000e147b00000] [id=24972]
  0x00000207d8d13000 ConcurrentGCThread "G1 Conc#0" [stack: 0x000000e147b00000,0x000000e147c00000] [id=20004]
  0x00000207d8db9000 ConcurrentGCThread "G1 Refine#0" [stack: 0x000000e147c00000,0x000000e147d00000] [id=1708]
  0x00000207f0ba0800 ConcurrentGCThread "G1 Young RemSet Sampling" [stack: 0x000000e147d00000,0x000000e147e00000] [id=27796]

Threads with active compile tasks:
C1 CompilerThread0    361  291       3       jdk.internal.org.objectweb.asm.Frame::execute (2264 bytes)

VM state:not at safepoint (normal execution)

VM Mutex/Monitor currently owned by a thread: None

Heap address: 0x00000000d1200000, size: 750 MB, Compressed Oops mode: 32-bit
Narrow klass base: 0x0000000000000000, Narrow klass shift: 3
Compressed class space size: 1073741824 Address: 0x0000000100000000

Heap:
 garbage-first heap   total 131072K, used 3072K [0x00000000d1200000, 0x0000000100000000)
  region size 1024K, 5 young (5120K), 0 survivors (0K)
 Metaspace       used 6574K, capacity 6708K, committed 6784K, reserved 1062912K
  class space    used 569K, capacity 620K, committed 640K, reserved 1048576K
Heap Regions: E=young(eden), S=young(survivor), O=old, HS=humongous(starts), HC=humongous(continues), CS=collection set, F=free, A=archive, TAMS=top-at-mark-start (previous, next)
|   0|0x00000000d1200000, 0x00000000d1200000, 0x00000000d1300000|  0%| F|  |TAMS 0x00000000d1200000, 0x00000000d1200000| Untracked 
|   1|0x00000000d1300000, 0x00000000d1300000, 0x00000000d1400000|  0%| F|  |TAMS 0x00000000d1300000, 0x00000000d1300000| Untracked 
|   2|0x00000000d1400000, 0x00000000d1400000, 0x00000000d1500000|  0%| F|  |TAMS 0x00000000d1400000, 0x00000000d1400000| Untracked 
|   3|0x00000000d1500000, 0x00000000d1500000, 0x00000000d1600000|  0%| F|  |TAMS 0x00000000d1500000, 0x00000000d1500000| Untracked 
|   4|0x00000000d1600000, 0x00000000d1600000, 0x00000000d1700000|  0%| F|  |TAMS 0x00000000d1600000, 0x00000000d1600000| Untracked 
|   5|0x00000000d1700000, 0x00000000d1700000, 0x00000000d1800000|  0%| F|  |TAMS 0x00000000d1700000, 0x00000000d1700000| Untracked 
|   6|0x00000000d1800000, 0x00000000d1800000, 0x00000000d1900000|  0%| F|  |TAMS 0x00000000d1800000, 0x00000000d1800000| Untracked 
|   7|0x00000000d1900000, 0x00000000d1900000, 0x00000000d1a00000|  0%| F|  |TAMS 0x00000000d1900000, 0x00000000d1900000| Untracked 
|   8|0x00000000d1a00000, 0x00000000d1a00000, 0x00000000d1b00000|  0%| F|  |TAMS 0x00000000d1a00000, 0x00000000d1a00000| Untracked 
|   9|0x00000000d1b00000, 0x00000000d1b00000, 0x00000000d1c00000|  0%| F|  |TAMS 0x00000000d1b00000, 0x00000000d1b00000| Untracked 
|  10|0x00000000d1c00000, 0x00000000d1c00000, 0x00000000d1d00000|  0%| F|  |TAMS 0x00000000d1c00000, 0x00000000d1c00000| Untracked 
|  11|0x00000000d1d00000, 0x00000000d1d00000, 0x00000000d1e00000|  0%| F|  |TAMS 0x00000000d1d00000, 0x00000000d1d00000| Untracked 
|  12|0x00000000d1e00000, 0x00000000d1e00000, 0x00000000d1f00000|  0%| F|  |TAMS 0x00000000d1e00000, 0x00000000d1e00000| Untracked 
|  13|0x00000000d1f00000, 0x00000000d1f00000, 0x00000000d2000000|  0%| F|  |TAMS 0x00000000d1f00000, 0x00000000d1f00000| Untracked 
|  14|0x00000000d2000000, 0x00000000d2000000, 0x00000000d2100000|  0%| F|  |TAMS 0x00000000d2000000, 0x00000000d2000000| Untracked 
|  15|0x00000000d2100000, 0x00000000d2100000, 0x00000000d2200000|  0%| F|  |TAMS 0x00000000d2100000, 0x00000000d2100000| Untracked 
|  16|0x00000000d2200000, 0x00000000d2200000, 0x00000000d2300000|  0%| F|  |TAMS 0x00000000d2200000, 0x00000000d2200000| Untracked 
|  17|0x00000000d2300000, 0x00000000d2300000, 0x00000000d2400000|  0%| F|  |TAMS 0x00000000d2300000, 0x00000000d2300000| Untracked 
|  18|0x00000000d2400000, 0x00000000d2400000, 0x00000000d2500000|  0%| F|  |TAMS 0x00000000d2400000, 0x00000000d2400000| Untracked 
|  19|0x00000000d2500000, 0x00000000d2500000, 0x00000000d2600000|  0%| F|  |TAMS 0x00000000d2500000, 0x00000000d2500000| Untracked 
|  20|0x00000000d2600000, 0x00000000d2600000, 0x00000000d2700000|  0%| F|  |TAMS 0x00000000d2600000, 0x00000000d2600000| Untracked 
|  21|0x00000000d2700000, 0x00000000d2700000, 0x00000000d2800000|  0%| F|  |TAMS 0x00000000d2700000, 0x00000000d2700000| Untracked 
|  22|0x00000000d2800000, 0x00000000d2800000, 0x00000000d2900000|  0%| F|  |TAMS 0x00000000d2800000, 0x00000000d2800000| Untracked 
|  23|0x00000000d2900000, 0x00000000d2900000, 0x00000000d2a00000|  0%| F|  |TAMS 0x00000000d2900000, 0x00000000d2900000| Untracked 
|  24|0x00000000d2a00000, 0x00000000d2a00000, 0x00000000d2b00000|  0%| F|  |TAMS 0x00000000d2a00000, 0x00000000d2a00000| Untracked 
|  25|0x00000000d2b00000, 0x00000000d2b00000, 0x00000000d2c00000|  0%| F|  |TAMS 0x00000000d2b00000, 0x00000000d2b00000| Untracked 
|  26|0x00000000d2c00000, 0x00000000d2c00000, 0x00000000d2d00000|  0%| F|  |TAMS 0x00000000d2c00000, 0x00000000d2c00000| Untracked 
|  27|0x00000000d2d00000, 0x00000000d2d00000, 0x00000000d2e00000|  0%| F|  |TAMS 0x00000000d2d00000, 0x00000000d2d00000| Untracked 
|  28|0x00000000d2e00000, 0x00000000d2e00000, 0x00000000d2f00000|  0%| F|  |TAMS 0x00000000d2e00000, 0x00000000d2e00000| Untracked 
|  29|0x00000000d2f00000, 0x00000000d2f00000, 0x00000000d3000000|  0%| F|  |TAMS 0x00000000d2f00000, 0x00000000d2f00000| Untracked 
|  30|0x00000000d3000000, 0x00000000d3000000, 0x00000000d3100000|  0%| F|  |TAMS 0x00000000d3000000, 0x00000000d3000000| Untracked 
|  31|0x00000000d3100000, 0x00000000d3100000, 0x00000000d3200000|  0%| F|  |TAMS 0x00000000d3100000, 0x00000000d3100000| Untracked 
|  32|0x00000000d3200000, 0x00000000d3200000, 0x00000000d3300000|  0%| F|  |TAMS 0x00000000d3200000, 0x00000000d3200000| Untracked 
|  33|0x00000000d3300000, 0x00000000d3300000, 0x00000000d3400000|  0%| F|  |TAMS 0x00000000d3300000, 0x00000000d3300000| Untracked 
|  34|0x00000000d3400000, 0x00000000d3400000, 0x00000000d3500000|  0%| F|  |TAMS 0x00000000d3400000, 0x00000000d3400000| Untracked 
|  35|0x00000000d3500000, 0x00000000d3500000, 0x00000000d3600000|  0%| F|  |TAMS 0x00000000d3500000, 0x00000000d3500000| Untracked 
|  36|0x00000000d3600000, 0x00000000d3600000, 0x00000000d3700000|  0%| F|  |TAMS 0x00000000d3600000, 0x00000000d3600000| Untracked 
|  37|0x00000000d3700000, 0x00000000d3700000, 0x00000000d3800000|  0%| F|  |TAMS 0x00000000d3700000, 0x00000000d3700000| Untracked 
|  38|0x00000000d3800000, 0x00000000d3800000, 0x00000000d3900000|  0%| F|  |TAMS 0x00000000d3800000, 0x00000000d3800000| Untracked 
|  39|0x00000000d3900000, 0x00000000d3900000, 0x00000000d3a00000|  0%| F|  |TAMS 0x00000000d3900000, 0x00000000d3900000| Untracked 
|  40|0x00000000d3a00000, 0x00000000d3a00000, 0x00000000d3b00000|  0%| F|  |TAMS 0x00000000d3a00000, 0x00000000d3a00000| Untracked 
|  41|0x00000000d3b00000, 0x00000000d3b00000, 0x00000000d3c00000|  0%| F|  |TAMS 0x00000000d3b00000, 0x00000000d3b00000| Untracked 
|  42|0x00000000d3c00000, 0x00000000d3c00000, 0x00000000d3d00000|  0%| F|  |TAMS 0x00000000d3c00000, 0x00000000d3c00000| Untracked 
|  43|0x00000000d3d00000, 0x00000000d3d00000, 0x00000000d3e00000|  0%| F|  |TAMS 0x00000000d3d00000, 0x00000000d3d00000| Untracked 
|  44|0x00000000d3e00000, 0x00000000d3e00000, 0x00000000d3f00000|  0%| F|  |TAMS 0x00000000d3e00000, 0x00000000d3e00000| Untracked 
|  45|0x00000000d3f00000, 0x00000000d3f00000, 0x00000000d4000000|  0%| F|  |TAMS 0x00000000d3f00000, 0x00000000d3f00000| Untracked 
|  46|0x00000000d4000000, 0x00000000d4000000, 0x00000000d4100000|  0%| F|  |TAMS 0x00000000d4000000, 0x00000000d4000000| Untracked 
|  47|0x00000000d4100000, 0x00000000d4100000, 0x00000000d4200000|  0%| F|  |TAMS 0x00000000d4100000, 0x00000000d4100000| Untracked 
|  48|0x00000000d4200000, 0x00000000d4200000, 0x00000000d4300000|  0%| F|  |TAMS 0x00000000d4200000, 0x00000000d4200000| Untracked 
|  49|0x00000000d4300000, 0x00000000d4300000, 0x00000000d4400000|  0%| F|  |TAMS 0x00000000d4300000, 0x00000000d4300000| Untracked 
|  50|0x00000000d4400000, 0x00000000d4400000, 0x00000000d4500000|  0%| F|  |TAMS 0x00000000d4400000, 0x00000000d4400000| Untracked 
|  51|0x00000000d4500000, 0x00000000d4500000, 0x00000000d4600000|  0%| F|  |TAMS 0x00000000d4500000, 0x00000000d4500000| Untracked 
|  52|0x00000000d4600000, 0x00000000d4600000, 0x00000000d4700000|  0%| F|  |TAMS 0x00000000d4600000, 0x00000000d4600000| Untracked 
|  53|0x00000000d4700000, 0x00000000d4700000, 0x00000000d4800000|  0%| F|  |TAMS 0x00000000d4700000, 0x00000000d4700000| Untracked 
|  54|0x00000000d4800000, 0x00000000d4800000, 0x00000000d4900000|  0%| F|  |TAMS 0x00000000d4800000, 0x00000000d4800000| Untracked 
|  55|0x00000000d4900000, 0x00000000d4900000, 0x00000000d4a00000|  0%| F|  |TAMS 0x00000000d4900000, 0x00000000d4900000| Untracked 
|  56|0x00000000d4a00000, 0x00000000d4a00000, 0x00000000d4b00000|  0%| F|  |TAMS 0x00000000d4a00000, 0x00000000d4a00000| Untracked 
|  57|0x00000000d4b00000, 0x00000000d4b00000, 0x00000000d4c00000|  0%| F|  |TAMS 0x00000000d4b00000, 0x00000000d4b00000| Untracked 
|  58|0x00000000d4c00000, 0x00000000d4c00000, 0x00000000d4d00000|  0%| F|  |TAMS 0x00000000d4c00000, 0x00000000d4c00000| Untracked 
|  59|0x00000000d4d00000, 0x00000000d4d00000, 0x00000000d4e00000|  0%| F|  |TAMS 0x00000000d4d00000, 0x00000000d4d00000| Untracked 
|  60|0x00000000d4e00000, 0x00000000d4e00000, 0x00000000d4f00000|  0%| F|  |TAMS 0x00000000d4e00000, 0x00000000d4e00000| Untracked 
|  61|0x00000000d4f00000, 0x00000000d4f00000, 0x00000000d5000000|  0%| F|  |TAMS 0x00000000d4f00000, 0x00000000d4f00000| Untracked 
|  62|0x00000000d5000000, 0x00000000d5000000, 0x00000000d5100000|  0%| F|  |TAMS 0x00000000d5000000, 0x00000000d5000000| Untracked 
|  63|0x00000000d5100000, 0x00000000d5100000, 0x00000000d5200000|  0%| F|  |TAMS 0x00000000d5100000, 0x00000000d5100000| Untracked 
|  64|0x00000000d5200000, 0x00000000d5200000, 0x00000000d5300000|  0%| F|  |TAMS 0x00000000d5200000, 0x00000000d5200000| Untracked 
|  65|0x00000000d5300000, 0x00000000d5300000, 0x00000000d5400000|  0%| F|  |TAMS 0x00000000d5300000, 0x00000000d5300000| Untracked 
|  66|0x00000000d5400000, 0x00000000d5400000, 0x00000000d5500000|  0%| F|  |TAMS 0x00000000d5400000, 0x00000000d5400000| Untracked 
|  67|0x00000000d5500000, 0x00000000d5500000, 0x00000000d5600000|  0%| F|  |TAMS 0x00000000d5500000, 0x00000000d5500000| Untracked 
|  68|0x00000000d5600000, 0x00000000d5600000, 0x00000000d5700000|  0%| F|  |TAMS 0x00000000d5600000, 0x00000000d5600000| Untracked 
|  69|0x00000000d5700000, 0x00000000d5700000, 0x00000000d5800000|  0%| F|  |TAMS 0x00000000d5700000, 0x00000000d5700000| Untracked 
|  70|0x00000000d5800000, 0x00000000d5800000, 0x00000000d5900000|  0%| F|  |TAMS 0x00000000d5800000, 0x00000000d5800000| Untracked 
|  71|0x00000000d5900000, 0x00000000d5900000, 0x00000000d5a00000|  0%| F|  |TAMS 0x00000000d5900000, 0x00000000d5900000| Untracked 
|  72|0x00000000d5a00000, 0x00000000d5a00000, 0x00000000d5b00000|  0%| F|  |TAMS 0x00000000d5a00000, 0x00000000d5a00000| Untracked 
|  73|0x00000000d5b00000, 0x00000000d5b00000, 0x00000000d5c00000|  0%| F|  |TAMS 0x00000000d5b00000, 0x00000000d5b00000| Untracked 
|  74|0x00000000d5c00000, 0x00000000d5c00000, 0x00000000d5d00000|  0%| F|  |TAMS 0x00000000d5c00000, 0x00000000d5c00000| Untracked 
|  75|0x00000000d5d00000, 0x00000000d5d00000, 0x00000000d5e00000|  0%| F|  |TAMS 0x00000000d5d00000, 0x00000000d5d00000| Untracked 
|  76|0x00000000d5e00000, 0x00000000d5e00000, 0x00000000d5f00000|  0%| F|  |TAMS 0x00000000d5e00000, 0x00000000d5e00000| Untracked 
|  77|0x00000000d5f00000, 0x00000000d5f00000, 0x00000000d6000000|  0%| F|  |TAMS 0x00000000d5f00000, 0x00000000d5f00000| Untracked 
|  78|0x00000000d6000000, 0x00000000d6000000, 0x00000000d6100000|  0%| F|  |TAMS 0x00000000d6000000, 0x00000000d6000000| Untracked 
|  79|0x00000000d6100000, 0x00000000d6100000, 0x00000000d6200000|  0%| F|  |TAMS 0x00000000d6100000, 0x00000000d6100000| Untracked 
|  80|0x00000000d6200000, 0x00000000d6200000, 0x00000000d6300000|  0%| F|  |TAMS 0x00000000d6200000, 0x00000000d6200000| Untracked 
|  81|0x00000000d6300000, 0x00000000d6300000, 0x00000000d6400000|  0%| F|  |TAMS 0x00000000d6300000, 0x00000000d6300000| Untracked 
|  82|0x00000000d6400000, 0x00000000d6400000, 0x00000000d6500000|  0%| F|  |TAMS 0x00000000d6400000, 0x00000000d6400000| Untracked 
|  83|0x00000000d6500000, 0x00000000d6500000, 0x00000000d6600000|  0%| F|  |TAMS 0x00000000d6500000, 0x00000000d6500000| Untracked 
|  84|0x00000000d6600000, 0x00000000d6600000, 0x00000000d6700000|  0%| F|  |TAMS 0x00000000d6600000, 0x00000000d6600000| Untracked 
|  85|0x00000000d6700000, 0x00000000d6700000, 0x00000000d6800000|  0%| F|  |TAMS 0x00000000d6700000, 0x00000000d6700000| Untracked 
|  86|0x00000000d6800000, 0x00000000d6800000, 0x00000000d6900000|  0%| F|  |TAMS 0x00000000d6800000, 0x00000000d6800000| Untracked 
|  87|0x00000000d6900000, 0x00000000d6900000, 0x00000000d6a00000|  0%| F|  |TAMS 0x00000000d6900000, 0x00000000d6900000| Untracked 
|  88|0x00000000d6a00000, 0x00000000d6a00000, 0x00000000d6b00000|  0%| F|  |TAMS 0x00000000d6a00000, 0x00000000d6a00000| Untracked 
|  89|0x00000000d6b00000, 0x00000000d6b00000, 0x00000000d6c00000|  0%| F|  |TAMS 0x00000000d6b00000, 0x00000000d6b00000| Untracked 
|  90|0x00000000d6c00000, 0x00000000d6c00000, 0x00000000d6d00000|  0%| F|  |TAMS 0x00000000d6c00000, 0x00000000d6c00000| Untracked 
|  91|0x00000000d6d00000, 0x00000000d6d00000, 0x00000000d6e00000|  0%| F|  |TAMS 0x00000000d6d00000, 0x00000000d6d00000| Untracked 
|  92|0x00000000d6e00000, 0x00000000d6e00000, 0x00000000d6f00000|  0%| F|  |TAMS 0x00000000d6e00000, 0x00000000d6e00000| Untracked 
|  93|0x00000000d6f00000, 0x00000000d6f00000, 0x00000000d7000000|  0%| F|  |TAMS 0x00000000d6f00000, 0x00000000d6f00000| Untracked 
|  94|0x00000000d7000000, 0x00000000d7000000, 0x00000000d7100000|  0%| F|  |TAMS 0x00000000d7000000, 0x00000000d7000000| Untracked 
|  95|0x00000000d7100000, 0x00000000d7100000, 0x00000000d7200000|  0%| F|  |TAMS 0x00000000d7100000, 0x00000000d7100000| Untracked 
|  96|0x00000000d7200000, 0x00000000d7200000, 0x00000000d7300000|  0%| F|  |TAMS 0x00000000d7200000, 0x00000000d7200000| Untracked 
|  97|0x00000000d7300000, 0x00000000d7300000, 0x00000000d7400000|  0%| F|  |TAMS 0x00000000d7300000, 0x00000000d7300000| Untracked 
|  98|0x00000000d7400000, 0x00000000d7400000, 0x00000000d7500000|  0%| F|  |TAMS 0x00000000d7400000, 0x00000000d7400000| Untracked 
|  99|0x00000000d7500000, 0x00000000d7500000, 0x00000000d7600000|  0%| F|  |TAMS 0x00000000d7500000, 0x00000000d7500000| Untracked 
| 100|0x00000000d7600000, 0x00000000d7600000, 0x00000000d7700000|  0%| F|  |TAMS 0x00000000d7600000, 0x00000000d7600000| Untracked 
| 101|0x00000000d7700000, 0x00000000d7700000, 0x00000000d7800000|  0%| F|  |TAMS 0x00000000d7700000, 0x00000000d7700000| Untracked 
| 102|0x00000000d7800000, 0x00000000d7800000, 0x00000000d7900000|  0%| F|  |TAMS 0x00000000d7800000, 0x00000000d7800000| Untracked 
| 103|0x00000000d7900000, 0x00000000d7900000, 0x00000000d7a00000|  0%| F|  |TAMS 0x00000000d7900000, 0x00000000d7900000| Untracked 
| 104|0x00000000d7a00000, 0x00000000d7a00000, 0x00000000d7b00000|  0%| F|  |TAMS 0x00000000d7a00000, 0x00000000d7a00000| Untracked 
| 105|0x00000000d7b00000, 0x00000000d7b00000, 0x00000000d7c00000|  0%| F|  |TAMS 0x00000000d7b00000, 0x00000000d7b00000| Untracked 
| 106|0x00000000d7c00000, 0x00000000d7c00000, 0x00000000d7d00000|  0%| F|  |TAMS 0x00000000d7c00000, 0x00000000d7c00000| Untracked 
| 107|0x00000000d7d00000, 0x00000000d7d00000, 0x00000000d7e00000|  0%| F|  |TAMS 0x00000000d7d00000, 0x00000000d7d00000| Untracked 
| 108|0x00000000d7e00000, 0x00000000d7e00000, 0x00000000d7f00000|  0%| F|  |TAMS 0x00000000d7e00000, 0x00000000d7e00000| Untracked 
| 109|0x00000000d7f00000, 0x00000000d7f00000, 0x00000000d8000000|  0%| F|  |TAMS 0x00000000d7f00000, 0x00000000d7f00000| Untracked 
| 110|0x00000000d8000000, 0x00000000d8000000, 0x00000000d8100000|  0%| F|  |TAMS 0x00000000d8000000, 0x00000000d8000000| Untracked 
| 111|0x00000000d8100000, 0x00000000d8100000, 0x00000000d8200000|  0%| F|  |TAMS 0x00000000d8100000, 0x00000000d8100000| Untracked 
| 112|0x00000000d8200000, 0x00000000d8200000, 0x00000000d8300000|  0%| F|  |TAMS 0x00000000d8200000, 0x00000000d8200000| Untracked 
| 113|0x00000000d8300000, 0x00000000d8300000, 0x00000000d8400000|  0%| F|  |TAMS 0x00000000d8300000, 0x00000000d8300000| Untracked 
| 114|0x00000000d8400000, 0x00000000d8400000, 0x00000000d8500000|  0%| F|  |TAMS 0x00000000d8400000, 0x00000000d8400000| Untracked 
| 115|0x00000000d8500000, 0x00000000d8500000, 0x00000000d8600000|  0%| F|  |TAMS 0x00000000d8500000, 0x00000000d8500000| Untracked 
| 116|0x00000000d8600000, 0x00000000d8600000, 0x00000000d8700000|  0%| F|  |TAMS 0x00000000d8600000, 0x00000000d8600000| Untracked 
| 117|0x00000000d8700000, 0x00000000d8700000, 0x00000000d8800000|  0%| F|  |TAMS 0x00000000d8700000, 0x00000000d8700000| Untracked 
| 118|0x00000000d8800000, 0x00000000d8800000, 0x00000000d8900000|  0%| F|  |TAMS 0x00000000d8800000, 0x00000000d8800000| Untracked 
| 119|0x00000000d8900000, 0x00000000d8900000, 0x00000000d8a00000|  0%| F|  |TAMS 0x00000000d8900000, 0x00000000d8900000| Untracked 
| 120|0x00000000d8a00000, 0x00000000d8a00000, 0x00000000d8b00000|  0%| F|  |TAMS 0x00000000d8a00000, 0x00000000d8a00000| Untracked 
| 121|0x00000000d8b00000, 0x00000000d8b00000, 0x00000000d8c00000|  0%| F|  |TAMS 0x00000000d8b00000, 0x00000000d8b00000| Untracked 
| 122|0x00000000d8c00000, 0x00000000d8c00000, 0x00000000d8d00000|  0%| F|  |TAMS 0x00000000d8c00000, 0x00000000d8c00000| Untracked 
| 123|0x00000000d8d00000, 0x00000000d8d7b648, 0x00000000d8e00000| 48%| E|  |TAMS 0x00000000d8d00000, 0x00000000d8d00000| Complete 
| 124|0x00000000d8e00000, 0x00000000d8f00000, 0x00000000d8f00000|100%| E|CS|TAMS 0x00000000d8e00000, 0x00000000d8e00000| Complete 
| 125|0x00000000d8f00000, 0x00000000d9000000, 0x00000000d9000000|100%| E|CS|TAMS 0x00000000d8f00000, 0x00000000d8f00000| Complete 
| 126|0x00000000d9000000, 0x00000000d9100000, 0x00000000d9100000|100%| E|  |TAMS 0x00000000d9000000, 0x00000000d9000000| Complete 
| 127|0x00000000d9100000, 0x00000000d9200000, 0x00000000d9200000|100%| E|CS|TAMS 0x00000000d9100000, 0x00000000d9100000| Complete 

Card table byte_map: [0x00000207ec340000,0x00000207ec4c0000] _byte_map_base: 0x00000207ebcb7000

Marking Bits (Prev, Next): (CMBitMap*) 0x00000207d8d0e2d8, (CMBitMap*) 0x00000207d8d0e310
 Prev Bits: [0x00000207ec640000, 0x00000207ed1f8000)
 Next Bits: [0x00000207ed200000, 0x00000207eddb8000)

Polling page: 0x00000207d6a60000

Metaspace:

Usage:
  Non-class:      5.95 MB capacity,     5.86 MB ( 99%) used,    74.84 KB (  1%) free+waste,     8.50 KB ( <1%) overhead. 
      Class:    620.00 KB capacity,   569.73 KB ( 92%) used,    47.84 KB (  8%) free+waste,     2.44 KB ( <1%) overhead. 
       Both:      6.55 MB capacity,     6.42 MB ( 98%) used,   122.67 KB (  2%) free+waste,    10.94 KB ( <1%) overhead. 

Virtual space:
  Non-class space:       14.00 MB reserved,       6.00 MB ( 43%) committed 
      Class space:        1.00 GB reserved,     640.00 KB ( <1%) committed 
             Both:        1.01 GB reserved,       6.63 MB ( <1%) committed 

Chunk freelists:
   Non-Class:  0 bytes
       Class:  0 bytes
        Both:  0 bytes

MaxMetaspaceSize: 17179869184.00 GB
CompressedClassSpaceSize: 1.00 GB
Initial GC threshold: 20.80 MB
Current GC threshold: 20.80 MB
CDS: off

CodeHeap 'non-profiled nmethods': size=119168Kb used=92Kb max_used=92Kb free=119075Kb
 bounds [0x00000207e44e0000, 0x00000207e4750000, 0x00000207eb940000]
CodeHeap 'profiled nmethods': size=119168Kb used=385Kb max_used=385Kb free=118783Kb
 bounds [0x00000207dd080000, 0x00000207dd2f0000, 0x00000207e44e0000]
CodeHeap 'non-nmethods': size=7424Kb used=1670Kb max_used=1675Kb free=5754Kb
 bounds [0x00000207dc940000, 0x00000207dcbb0000, 0x00000207dd080000]
 total_blobs=671 nmethods=317 adapters=266
 compilation: enabled
              stopped_count=0, restarted_count=0
 full_count=0

Compilation events (20 events):
Event: 0.277 Thread 0x00000207f1aec000 nmethod 283 0x00000207dd0d3b10 code [0x00000207dd0d3d20, 0x00000207dd0d43c8]
Event: 0.277 Thread 0x00000207f1aec000  286       3       java.lang.invoke.LambdaForm::internArgument (84 bytes)
Event: 0.278 Thread 0x00000207f1aec000 nmethod 286 0x00000207dd0d4610 code [0x00000207dd0d4800, 0x00000207dd0d4ba8]
Event: 0.278 Thread 0x00000207f1aec000  280       3       java.lang.invoke.MethodType$ConcurrentWeakInternSet$WeakEntry::equals (49 bytes)
Event: 0.278 Thread 0x00000207f0d89000 nmethod 284 0x00000207dd0d4d90 code [0x00000207dd0d5020, 0x00000207dd0d5b08]
Event: 0.278 Thread 0x00000207f0d89000  291       3       jdk.internal.org.objectweb.asm.Frame::execute (2264 bytes)
Event: 0.278 Thread 0x00000207f1aec000 nmethod 280 0x00000207dd0d5f90 code [0x00000207dd0d6180, 0x00000207dd0d67c8]
Event: 0.278 Thread 0x00000207f1aec000  292       3       java.lang.invoke.MemberName::isStatic (8 bytes)
Event: 0.278 Thread 0x00000207f1aec000 nmethod 292 0x00000207dd0d6910 code [0x00000207dd0d6ac0, 0x00000207dd0d6c78]
Event: 0.278 Thread 0x00000207f1aec000  290       1       java.lang.invoke.LambdaForm$BasicType::basicTypeClass (5 bytes)
Event: 0.279 Thread 0x00000207f1aec000 nmethod 290 0x00000207e44f5390 code [0x00000207e44f5540, 0x00000207e44f55f8]
Event: 0.279 Thread 0x00000207f1aec000  296       3       sun.invoke.util.Wrapper::forPrimitiveType (49 bytes)
Event: 0.280 Thread 0x00000207f1aec000 nmethod 296 0x00000207dd0d6d10 code [0x00000207dd0d70a0, 0x00000207dd0d85c8]
Event: 0.280 Thread 0x00000207f1aec000  301       3       java.lang.Number::<init> (5 bytes)
Event: 0.280 Thread 0x00000207f1aec000 nmethod 301 0x00000207dd0d8d90 code [0x00000207dd0d8f40, 0x00000207dd0d9098]
Event: 0.280 Thread 0x00000207f1aec000  298       3       jdk.internal.org.objectweb.asm.Frame::push (110 bytes)
Event: 0.281 Thread 0x00000207f1aec000 nmethod 298 0x00000207dd0d9190 code [0x00000207dd0d9380, 0x00000207dd0d98e8]
Event: 0.281 Thread 0x00000207f1aec000  295       3       java.lang.invoke.MemberName::getReferenceKind (12 bytes)
Event: 0.281 Thread 0x00000207f1aec000 nmethod 295 0x00000207dd0d9a90 code [0x00000207dd0d9c40, 0x00000207dd0d9d58]
Event: 0.281 Thread 0x00000207f1aec000  293       3       java.lang.invoke.MemberName::isConstructor (7 bytes)

GC Heap History (0 events):
No events

Deoptimization events (8 events):
Event: 0.150 Thread 0x00000207d8ce1000 Uncommon trap: trap_request=0xffffff4d fr.pc=0x00000207e44e4698 relative=0x0000000000000178
Event: 0.150 Thread 0x00000207d8ce1000 Uncommon trap: reason=unstable_if action=reinterpret pc=0x00000207e44e4698 method=java.lang.String.hashCode()I @ 14 c2
Event: 0.150 Thread 0x00000207d8ce1000 DEOPT PACKING pc=0x00000207e44e4698 sp=0x000000e1478fd400
Event: 0.150 Thread 0x00000207d8ce1000 DEOPT UNPACKING pc=0x00000207dc98a1af sp=0x000000e1478fd398 mode 2
Event: 0.236 Thread 0x00000207d8ce1000 Uncommon trap: trap_request=0xffffff4d fr.pc=0x00000207e44e7668 relative=0x0000000000000148
Event: 0.236 Thread 0x00000207d8ce1000 Uncommon trap: reason=unstable_if action=reinterpret pc=0x00000207e44e7668 method=java.util.zip.ZipFile$Source.isMetaName([BII)Z @ 15 c2
Event: 0.236 Thread 0x00000207d8ce1000 DEOPT PACKING pc=0x00000207e44e7668 sp=0x000000e1478fa810
Event: 0.236 Thread 0x00000207d8ce1000 DEOPT UNPACKING pc=0x00000207dc98a1af sp=0x000000e1478fa7b8 mode 2

Classes redefined (0 events):
No events

Internal exceptions (0 events):
No events

Events (20 events):
Event: 0.269 loading class java/lang/invoke/BoundMethodHandle$Species_LL
Event: 0.269 loading class java/lang/invoke/BoundMethodHandle$Species_LL done
Event: 0.273 loading class java/lang/invoke/BoundMethodHandle$Species_LLL
Event: 0.273 loading class java/lang/invoke/BoundMethodHandle$Species_LLL done
Event: 0.273 loading class java/lang/invoke/BoundMethodHandle$Species_LLLL
Event: 0.274 loading class java/lang/invoke/BoundMethodHandle$Species_LLLL done
Event: 0.276 loading class java/lang/invoke/BoundMethodHandle$Species_LLLLL
Event: 0.276 loading class java/lang/invoke/BoundMethodHandle$Species_LLLLL done
Event: 0.277 loading class java/lang/invoke/BoundMethodHandle$Species_LLLLLL
Event: 0.277 loading class java/lang/invoke/BoundMethodHandle$Species_LLLLLL done
Event: 0.278 loading class java/lang/Byte$ByteCache
Event: 0.278 loading class java/lang/Byte$ByteCache done
Event: 0.279 loading class java/lang/invoke/MethodHandles$1
Event: 0.279 loading class java/lang/invoke/MethodHandles$1 done
Event: 0.279 loading class java/lang/invoke/BoundMethodHandle$Species_LLLLLLI
Event: 0.279 loading class java/lang/invoke/BoundMethodHandle$Species_LLLLLLI done
Event: 0.280 loading class sun/invoke/util/ValueConversions$WrapperCache
Event: 0.280 loading class sun/invoke/util/ValueConversions$WrapperCache done
Event: 0.280 loading class java/lang/invoke/BoundMethodHandle$Species_LLLLLLII
Event: 0.281 loading class java/lang/invoke/BoundMethodHandle$Species_LLLLLLII done


Dynamic libraries:
0x00007ff7e0310000 - 0x00007ff7e031a000 	E:\softwares\apps\datagrip\ch-0\221.5080.224\jbr\bin\java.exe
0x00007ffe87c70000 - 0x00007ffe87e68000 	C:\WINDOWS\SYSTEM32\ntdll.dll
0x00007ffe87440000 - 0x00007ffe874fd000 	C:\WINDOWS\System32\KERNEL32.DLL
0x00007ffe85710000 - 0x00007ffe85a06000 	C:\WINDOWS\System32\KERNELBASE.dll
0x00007ffe854f0000 - 0x00007ffe855f0000 	C:\WINDOWS\System32\ucrtbase.dll
0x00007ffe6e290000 - 0x00007ffe6e2a6000 	E:\softwares\apps\datagrip\ch-0\221.5080.224\jbr\bin\VCRUNTIME140.dll
0x00007ffe6e190000 - 0x00007ffe6e1a9000 	E:\softwares\apps\datagrip\ch-0\221.5080.224\jbr\bin\jli.dll
0x00007ffe86290000 - 0x00007ffe8642e000 	C:\WINDOWS\System32\USER32.dll
0x00007ffe85c30000 - 0x00007ffe85c52000 	C:\WINDOWS\System32\win32u.dll
0x00007ffe6b990000 - 0x00007ffe6bc2a000 	C:\WINDOWS\WinSxS\amd64_microsoft.windows.common-controls_6595b64144ccf1df_6.0.19041.3636_none_60b6a03d71f818d5\COMCTL32.dll
0x00007ffe85d90000 - 0x00007ffe85dbc000 	C:\WINDOWS\System32\GDI32.dll
0x00007ffe87320000 - 0x00007ffe873be000 	C:\WINDOWS\System32\msvcrt.dll
0x00007ffe855f0000 - 0x00007ffe8570a000 	C:\WINDOWS\System32\gdi32full.dll
0x00007ffe85350000 - 0x00007ffe853ed000 	C:\WINDOWS\System32\msvcp_win.dll
0x00007ffe87be0000 - 0x00007ffe87c10000 	C:\WINDOWS\System32\IMM32.DLL
0x00007ffe499c0000 - 0x00007ffe49a6a000 	E:\softwares\apps\datagrip\ch-0\221.5080.224\jbr\bin\msvcp140.dll
0x00007ffe33d60000 - 0x00007ffe348da000 	E:\softwares\apps\datagrip\ch-0\221.5080.224\jbr\bin\server\jvm.dll
0x00007ffe85dc0000 - 0x00007ffe85e6f000 	C:\WINDOWS\System32\ADVAPI32.dll
0x00007ffe87210000 - 0x00007ffe872ac000 	C:\WINDOWS\System32\sechost.dll
0x00007ffe87a20000 - 0x00007ffe87b46000 	C:\WINDOWS\System32\RPCRT4.dll
0x00007ffe87b50000 - 0x00007ffe87b58000 	C:\WINDOWS\System32\PSAPI.DLL
0x00007ffe7f0c0000 - 0x00007ffe7f0ca000 	C:\WINDOWS\SYSTEM32\VERSION.dll
0x00007ffe71740000 - 0x00007ffe71767000 	C:\WINDOWS\SYSTEM32\WINMM.dll
0x00007ffe24a30000 - 0x00007ffe24a39000 	C:\WINDOWS\SYSTEM32\WSOCK32.dll
0x00007ffe872b0000 - 0x00007ffe8731b000 	C:\WINDOWS\System32\WS2_32.dll
0x00007ffe83b60000 - 0x00007ffe83b72000 	C:\WINDOWS\SYSTEM32\kernel.appcore.dll
0x00007ffe6f1f0000 - 0x00007ffe6f201000 	E:\softwares\apps\datagrip\ch-0\221.5080.224\jbr\bin\verify.dll
0x00007ffe82f80000 - 0x00007ffe83164000 	C:\WINDOWS\SYSTEM32\DBGHELP.DLL
0x00007ffe7b800000 - 0x00007ffe7b834000 	C:\WINDOWS\SYSTEM32\dbgcore.DLL
0x00007ffe85a10000 - 0x00007ffe85a92000 	C:\WINDOWS\System32\bcryptPrimitives.dll
0x00007ffe6f1c0000 - 0x00007ffe6f1e9000 	E:\softwares\apps\datagrip\ch-0\221.5080.224\jbr\bin\java.dll
0x00007ffe738f0000 - 0x00007ffe738fb000 	E:\softwares\apps\datagrip\ch-0\221.5080.224\jbr\bin\jimage.dll
0x00007ffe6f1a0000 - 0x00007ffe6f1b9000 	E:\softwares\apps\datagrip\ch-0\221.5080.224\jbr\bin\zip.dll
0x00007ffe86ac0000 - 0x00007ffe87205000 	C:\WINDOWS\System32\SHELL32.dll
0x00007ffe833b0000 - 0x00007ffe83b4b000 	C:\WINDOWS\SYSTEM32\windows.storage.dll
0x00007ffe86640000 - 0x00007ffe86994000 	C:\WINDOWS\System32\combase.dll
0x00007ffe84cb0000 - 0x00007ffe84cdd000 	C:\WINDOWS\SYSTEM32\Wldp.dll
0x00007ffe85fd0000 - 0x00007ffe8607d000 	C:\WINDOWS\System32\SHCORE.dll
0x00007ffe87b60000 - 0x00007ffe87bb5000 	C:\WINDOWS\System32\shlwapi.dll
0x00007ffe85280000 - 0x00007ffe852a5000 	C:\WINDOWS\SYSTEM32\profapi.dll
0x00007ffe6ef20000 - 0x00007ffe6ef3a000 	E:\softwares\apps\datagrip\ch-0\221.5080.224\jbr\bin\net.dll
0x00007ffe7e570000 - 0x00007ffe7e67a000 	C:\WINDOWS\SYSTEM32\WINHTTP.dll
0x00007ffe84a90000 - 0x00007ffe84afa000 	C:\WINDOWS\system32\mswsock.dll
0x00007ffe6eb00000 - 0x00007ffe6eb14000 	E:\softwares\apps\datagrip\ch-0\221.5080.224\jbr\bin\nio.dll

dbghelp: loaded successfully - version: 4.0.5 - missing functions: none
symbol engine: initialized successfully - sym options: 0x614 - pdb path: .;E:\softwares\apps\datagrip\ch-0\221.5080.224\jbr\bin;C:\WINDOWS\SYSTEM32;C:\WINDOWS\WinSxS\amd64_microsoft.windows.common-controls_6595b64144ccf1df_6.0.19041.3636_none_60b6a03d71f818d5;E:\softwares\apps\datagrip\ch-0\221.5080.224\jbr\bin\server

VM Arguments:
jvm_args: -Djava.rmi.server.hostname=127.0.0.1 -Duser.timezone=UTC -Xmx750m -Xms128m -Dfile.encoding=UTF-8 
java_command: com.intellij.database.remote.RemoteJdbcServer com.mysql.cj.jdbc.Driver
java_class_path (initial): E:\softwares\apps\datagrip\ch-0\221.5080.224\lib\util_rt.jar;E:\softwares\apps\datagrip\ch-0\221.5080.224\lib\util.jar;E:\softwares\apps\datagrip\ch-0\221.5080.224\lib\groovy.jar;E:\softwares\apps\datagrip\ch-0\221.5080.224\plugins\DatabaseTools\lib\jdbc-console.jar;C:\Users\Administrator.DESKTOP-9A7KB4G\AppData\Roaming\JetBrains\DataGrip2022.1\jdbc-drivers\MySQL ConnectorJ\8.0.25\mysql\mysql-connector-java\8.0.25\mysql-connector-java-8.0.25.jar;C:\Users\Administrator.DESKTOP-9A7KB4G\AppData\Roaming\JetBrains\DataGrip2022.1\jdbc-drivers\MySQL ConnectorJ\8.0.25\com\google\protobuf\protobuf-java\3.11.4\protobuf-java-3.11.4.jar
Launcher Type: SUN_STANDARD

[Global flags]
     intx CICompilerCount                          = 12                                        {product} {ergonomic}
     uint ConcGCThreads                            = 3                                         {product} {ergonomic}
     uint G1ConcRefinementThreads                  = 13                                        {product} {ergonomic}
   size_t G1HeapRegionSize                         = 1048576                                   {product} {ergonomic}
    uintx GCDrainStackTargetSize                   = 64                                        {product} {ergonomic}
   size_t InitialHeapSize                          = 134217728                                 {product} {command line}
   size_t MarkStackSize                            = 4194304                                   {product} {ergonomic}
   size_t MaxHeapSize                              = 786432000                                 {product} {command line}
   size_t MaxNewSize                               = 471859200                                 {product} {ergonomic}
   size_t MinHeapDeltaBytes                        = 1048576                                   {product} {ergonomic}
    uintx NonNMethodCodeHeapSize                   = 7594288                                {pd product} {ergonomic}
    uintx NonProfiledCodeHeapSize                  = 122031976                              {pd product} {ergonomic}
    uintx ProfiledCodeHeapSize                     = 122031976                              {pd product} {ergonomic}
    uintx ReservedCodeCacheSize                    = 251658240                              {pd product} {ergonomic}
     bool SegmentedCodeCache                       = true                                      {product} {ergonomic}
     bool UseCompressedClassPointers               = true                                 {lp64_product} {ergonomic}
     bool UseCompressedOops                        = true                                 {lp64_product} {ergonomic}
     bool UseG1GC                                  = true                                      {product} {ergonomic}
     bool UseLargePagesIndividualAllocation        = false                                  {pd product} {ergonomic}

Logging:
Log output configuration:
 #0: stdout all=warning uptime,level,tags
 #1: stderr all=off uptime,level,tags

Environment Variables:
JAVA_HOME=E:\softwares\jdk8_64
CLASSPATH=.;E:\softwares\jdk8_64\lib\dt.jar;E:\softwares\jdk8_64\lib\tools.jar;
PATH=D:\VMware\bin\;C:\Program Files (x86)\Common Files\Oracle\Java\javapath;C:\WINDOWS\system32;C:\WINDOWS;C:\WINDOWS\System32\Wbem;C:\WINDOWS\System32\WindowsPowerShell\v1.0\;C:\WINDOWS\System32\OpenSSH\;C:\Program Files (x86)\Windows Kits\8.1\Windows Performance Toolkit\;E:\compiler\MinGW\bin;E:\softwares\jdk8_64\bin;E:\softwares\jdk8_64\jre\bin;C:\Program Files\Git\cmd;E:\softwares\Nodejs\;D:\XShell\;C:\Program Files\Redis\;D:\matlab\bin;E:\softwares\Go\bin;C:\Program Files\dotnet\;E:\desktop;;D:\wechatDevelop\微信web开发者工具\dll;E:\Windows Kits\10\Windows Performance Toolkit\;C:\Program Files\Microsoft SQL Server\150\Tools\Binn\;C:\Program Files\Microsoft SQL Server\Client SDK\ODBC\170\Tools\Binn\;D:\cmake\bin;"C:\Users\Administrator.DESKTOP-9A7KB4G\AppData\Local\Microsoft\WindowsApps;";E:\softwares\pycharm\PyCharm Community Edition 2021.1.2\bin;E:\softwares\anaconda\Scripts;C:\Users\Administrator.DESKTOP-9A7KB4G\AppData\Local\Microsoft\WindowsApps;E:\compiler\MinGW\bin;E:\softwares\Microsoft VS Code\bin;D:\IDEA\IntelliJ IDEA Community Edition 2021.3.2\bin;D:\IDEAu\IntelliJ IDEA 2021.3.2\bin;C:\Program Files\MySQL\MySQL Server 8.0\bin;E:\softwares\Nodejs;E:\softwares\DataGrip\DataGrip 2021.3.4\bin;E:\softwares\SDK\platform-tools;E:\softwares\SDK\emulator;E:\softwares\SDK\tools;E:\softwares\SDK\tools\bin;C:\Users\Administrator.DESKTOP-9A7KB4G\AppData\Local\JetBrains\Toolbox\scripts;C:\Users\Administrator.DESKTOP-9A7KB4G\AppData\Roaming\npm;E:\softwares\jdk8_64\jre\bin;E:\softwares\jdk8_64\bin;C:\Users\Administrator.DESKTOP-9A7KB4G\.mujoco\mjpro150\bin;E:\softwares\anaconda\envs\RL;C:\Users\Administrator.DESKTOP-9A7KB4G\go\bin;E:\softwares\Go\bin;E:\softwares\MYSQL\mysql-8.0.28-winx64\bin;C:\Users\Administrator.DESKTOP-9A7KB4G\.dotnet\tools
USERNAME=Administrator
OS=Windows_NT
PROCESSOR_IDENTIFIER=Intel64 Family 6 Model 165 Stepping 2, GenuineIntel



---------------  S Y S T E M  ---------------

OS: Windows 10 , 64 bit Build 19041 (10.0.19041.3636)
OS uptime: 5 days 5:03 hours
Hyper-V role detected

CPU:total 16 (initial active 16) (8 cores per cpu, 2 threads per core) family 6 model 165 stepping 2 microcode 0xc8, cmov, cx8, fxsr, mmx, sse, sse2, sse3, ssse3, sse4.1, sse4.2, popcnt, avx, avx2, aes, clmul, erms, 3dnowpref, lzcnt, ht, tsc, tscinvbit, bmi1, bmi2, adx, fma

Memory: 4k page, system-wide physical 16250M (518M free)
TotalPageFile size 28945M (AvailPageFile size 34M)
current process WorkingSet (physical memory assigned to process): 42M, peak: 42M
current process commit charge ("private bytes"): 217M, peak: 217M

vm_info: OpenJDK 64-Bit Server VM (11.0.14.1+1-b2043.25) for windows-amd64 JRE (11.0.14.1+1-b2043.25), built on Mar 30 2022 06:22:56 by "" with MS VC++ 14.0 (VS2015)

END.
